The target system is: Arduino -  - 
The host system is: Linux - 4.4.0-62-generic - x86_64
Compiling the CXX compiler identification source file "CMakeCXXCompilerId.cpp" succeeded.
Compiler: /usr/bin/avr-g++ 
Build flags: 
Id flags: 

The output was:
0


Compilation of the CXX compiler identification source "CMakeCXXCompilerId.cpp" produced "a.out"

The CXX compiler identification is GNU, found in "/home/ziv/Code/arduino/arduino-cmake/cmake-build-arduino/CMakeFiles/3.6.3/CompilerIdCXX/a.out"

Compiling the C compiler identification source file "CMakeCCompilerId.c" succeeded.
Compiler: /usr/bin/avr-gcc 
Build flags: 
Id flags: 

The output was:
0


Compilation of the C compiler identification source "CMakeCCompilerId.c" produced "a.out"

The C compiler identification is GNU, found in "/home/ziv/Code/arduino/arduino-cmake/cmake-build-arduino/CMakeFiles/3.6.3/CompilerIdC/a.out"

Determining if the CXX compiler works passed with the following output:
Change Dir: /home/ziv/Code/arduino/arduino-cmake/cmake-build-arduino/CMakeFiles/CMakeTmp

Run Build Command:"/usr/bin/make" "cmTC_2af58/fast"
/usr/bin/make -f CMakeFiles/cmTC_2af58.dir/build.make CMakeFiles/cmTC_2af58.dir/build
make[1]: Entering directory '/home/ziv/Code/arduino/arduino-cmake/cmake-build-arduino/CMakeFiles/CMakeTmp'
Building CXX object CMakeFiles/cmTC_2af58.dir/testCXXCompiler.cxx.obj
/usr/bin/avr-g++     -g -Os       -mcall-prologues -ffunction-sections -fdata-sections -fno-exceptions    -o CMakeFiles/cmTC_2af58.dir/testCXXCompiler.cxx.obj -c /home/ziv/Code/arduino/arduino-cmake/cmake-build-arduino/CMakeFiles/CMakeTmp/testCXXCompiler.cxx
Linking CXX executable cmTC_2af58
/opt/clion-2016.3.2/bin/cmake/bin/cmake -E cmake_link_script CMakeFiles/cmTC_2af58.dir/link.txt --verbose=1
/usr/bin/avr-g++   -g -Os       -mcall-prologues -ffunction-sections -fdata-sections -fno-exceptions   -Wl,--gc-sections -lm  CMakeFiles/cmTC_2af58.dir/testCXXCompiler.cxx.obj  -o cmTC_2af58  
make[1]: Leaving directory '/home/ziv/Code/arduino/arduino-cmake/cmake-build-arduino/CMakeFiles/CMakeTmp'


Detecting CXX compiler ABI info compiled with the following output:
Change Dir: /home/ziv/Code/arduino/arduino-cmake/cmake-build-arduino/CMakeFiles/CMakeTmp

Run Build Command:"/usr/bin/make" "cmTC_9d3c8/fast"
/usr/bin/make -f CMakeFiles/cmTC_9d3c8.dir/build.make CMakeFiles/cmTC_9d3c8.dir/build
make[1]: Entering directory '/home/ziv/Code/arduino/arduino-cmake/cmake-build-arduino/CMakeFiles/CMakeTmp'
Building CXX object CMakeFiles/cmTC_9d3c8.dir/CMakeCXXCompilerABI.cpp.obj
/usr/bin/avr-g++     -g -Os       -mcall-prologues -ffunction-sections -fdata-sections -fno-exceptions    -o CMakeFiles/cmTC_9d3c8.dir/CMakeCXXCompilerABI.cpp.obj -c /opt/clion-2016.3.2/bin/cmake/share/cmake-3.6/Modules/CMakeCXXCompilerABI.cpp
Linking CXX executable cmTC_9d3c8
/opt/clion-2016.3.2/bin/cmake/bin/cmake -E cmake_link_script CMakeFiles/cmTC_9d3c8.dir/link.txt --verbose=1
/usr/bin/avr-g++   -g -Os       -mcall-prologues -ffunction-sections -fdata-sections -fno-exceptions   -Wl,--gc-sections -lm -v CMakeFiles/cmTC_9d3c8.dir/CMakeCXXCompilerABI.cpp.obj  -o cmTC_9d3c8   
Using built-in specs.
Reading specs from /usr/lib/gcc/avr/4.9.2/device-specs/specs-avr2
COLLECT_GCC=/usr/bin/avr-g++
COLLECT_LTO_WRAPPER=/usr/lib/gcc/avr/4.9.2/lto-wrapper
Target: avr
Configured with: ../src/configure -v --enable-languages=c,c++ --prefix=/usr/lib --infodir=/usr/share/info --mandir=/usr/share/man --bindir=/usr/bin --libexecdir=/usr/lib --libdir=/usr/lib --enable-shared --with-system-zlib --enable-long-long --enable-nls --without-included-gettext --disable-libssp --build=x86_64-linux-gnu --host=x86_64-linux-gnu --target=avr CFLAGS='-g -O2 -fstack-protector-strong -Wformat ' CPPFLAGS=-D_FORTIFY_SOURCE=2 CXXFLAGS='-g -O2 -fstack-protector-strong -Wformat ' FCFLAGS='-g -O2 -fstack-protector-strong' FFLAGS='-g -O2 -fstack-protector-strong' GCJFLAGS='-g -O2 -fstack-protector-strong' LDFLAGS='-Wl,-Bsymbolic-functions -Wl,-z,relro' OBJCFLAGS='-g -O2 -fstack-protector-strong -Wformat ' OBJCXXFLAGS='-g -O2 -fstack-protector-strong -Wformat '
Thread model: single
gcc version 4.9.2 (GCC) 
COMPILER_PATH=/usr/lib/gcc/avr/4.9.2/:/usr/lib/gcc/avr/4.9.2/:/usr/lib/gcc/avr/:/usr/lib/gcc/avr/4.9.2/:/usr/lib/gcc/avr/:/usr/lib/gcc/avr/4.9.2/../../../avr/bin/
LIBRARY_PATH=/usr/lib/gcc/avr/4.9.2/:/usr/lib/gcc/avr/4.9.2/../../../avr/lib/
COLLECT_GCC_OPTIONS='-g' '-Os' '-mcall-prologues' '-ffunction-sections' '-fdata-sections' '-fno-exceptions' '-v' '-o' 'cmTC_9d3c8' '-specs=device-specs/specs-avr2'
 /usr/lib/gcc/avr/4.9.2/collect2 -plugin /usr/lib/gcc/avr/4.9.2/liblto_plugin.so -plugin-opt=/usr/lib/gcc/avr/4.9.2/lto-wrapper -plugin-opt=-fresolution=/tmp/cckJu3Gv.res -plugin-opt=-pass-through=-lgcc -plugin-opt=-pass-through=-lm -plugin-opt=-pass-through=-lc -o cmTC_9d3c8 -L/usr/lib/gcc/avr/4.9.2 -L/usr/lib/gcc/avr/4.9.2/../../../avr/lib --gc-sections CMakeFiles/cmTC_9d3c8.dir/CMakeCXXCompilerABI.cpp.obj -lgcc -lm --start-group -lgcc -lm -lc --end-group
make[1]: Leaving directory '/home/ziv/Code/arduino/arduino-cmake/cmake-build-arduino/CMakeFiles/CMakeTmp'


Parsed CXX implicit link information from above output:
  link line regex: [^( *|.*[/\])(avr-ld|([^/\]+-)?ld|collect2)[^/\]*( |$)]
  ignore line: [Change Dir: /home/ziv/Code/arduino/arduino-cmake/cmake-build-arduino/CMakeFiles/CMakeTmp]
  ignore line: []
  ignore line: [Run Build Command:"/usr/bin/make" "cmTC_9d3c8/fast"]
  ignore line: [/usr/bin/make -f CMakeFiles/cmTC_9d3c8.dir/build.make CMakeFiles/cmTC_9d3c8.dir/build]
  ignore line: [make[1]: Entering directory '/home/ziv/Code/arduino/arduino-cmake/cmake-build-arduino/CMakeFiles/CMakeTmp']
  ignore line: [Building CXX object CMakeFiles/cmTC_9d3c8.dir/CMakeCXXCompilerABI.cpp.obj]
  ignore line: [/usr/bin/avr-g++     -g -Os       -mcall-prologues -ffunction-sections -fdata-sections -fno-exceptions    -o CMakeFiles/cmTC_9d3c8.dir/CMakeCXXCompilerABI.cpp.obj -c /opt/clion-2016.3.2/bin/cmake/share/cmake-3.6/Modules/CMakeCXXCompilerABI.cpp]
  ignore line: [Linking CXX executable cmTC_9d3c8]
  ignore line: [/opt/clion-2016.3.2/bin/cmake/bin/cmake -E cmake_link_script CMakeFiles/cmTC_9d3c8.dir/link.txt --verbose=1]
  ignore line: [/usr/bin/avr-g++   -g -Os       -mcall-prologues -ffunction-sections -fdata-sections -fno-exceptions   -Wl,--gc-sections -lm -v CMakeFiles/cmTC_9d3c8.dir/CMakeCXXCompilerABI.cpp.obj  -o cmTC_9d3c8   ]
  ignore line: [Using built-in specs.]
  ignore line: [Reading specs from /usr/lib/gcc/avr/4.9.2/device-specs/specs-avr2]
  ignore line: [COLLECT_GCC=/usr/bin/avr-g++]
  ignore line: [COLLECT_LTO_WRAPPER=/usr/lib/gcc/avr/4.9.2/lto-wrapper]
  ignore line: [Target: avr]
  ignore line: [Configured with: ../src/configure -v --enable-languages=c,c++ --prefix=/usr/lib --infodir=/usr/share/info --mandir=/usr/share/man --bindir=/usr/bin --libexecdir=/usr/lib --libdir=/usr/lib --enable-shared --with-system-zlib --enable-long-long --enable-nls --without-included-gettext --disable-libssp --build=x86_64-linux-gnu --host=x86_64-linux-gnu --target=avr CFLAGS='-g -O2 -fstack-protector-strong -Wformat ' CPPFLAGS=-D_FORTIFY_SOURCE=2 CXXFLAGS='-g -O2 -fstack-protector-strong -Wformat ' FCFLAGS='-g -O2 -fstack-protector-strong' FFLAGS='-g -O2 -fstack-protector-strong' GCJFLAGS='-g -O2 -fstack-protector-strong' LDFLAGS='-Wl,-Bsymbolic-functions -Wl,-z,relro' OBJCFLAGS='-g -O2 -fstack-protector-strong -Wformat ' OBJCXXFLAGS='-g -O2 -fstack-protector-strong -Wformat ']
  ignore line: [Thread model: single]
  ignore line: [gcc version 4.9.2 (GCC) ]
  ignore line: [COMPILER_PATH=/usr/lib/gcc/avr/4.9.2/:/usr/lib/gcc/avr/4.9.2/:/usr/lib/gcc/avr/:/usr/lib/gcc/avr/4.9.2/:/usr/lib/gcc/avr/:/usr/lib/gcc/avr/4.9.2/../../../avr/bin/]
  ignore line: [LIBRARY_PATH=/usr/lib/gcc/avr/4.9.2/:/usr/lib/gcc/avr/4.9.2/../../../avr/lib/]
  ignore line: [COLLECT_GCC_OPTIONS='-g' '-Os' '-mcall-prologues' '-ffunction-sections' '-fdata-sections' '-fno-exceptions' '-v' '-o' 'cmTC_9d3c8' '-specs=device-specs/specs-avr2']
  link line: [ /usr/lib/gcc/avr/4.9.2/collect2 -plugin /usr/lib/gcc/avr/4.9.2/liblto_plugin.so -plugin-opt=/usr/lib/gcc/avr/4.9.2/lto-wrapper -plugin-opt=-fresolution=/tmp/cckJu3Gv.res -plugin-opt=-pass-through=-lgcc -plugin-opt=-pass-through=-lm -plugin-opt=-pass-through=-lc -o cmTC_9d3c8 -L/usr/lib/gcc/avr/4.9.2 -L/usr/lib/gcc/avr/4.9.2/../../../avr/lib --gc-sections CMakeFiles/cmTC_9d3c8.dir/CMakeCXXCompilerABI.cpp.obj -lgcc -lm --start-group -lgcc -lm -lc --end-group]
    arg [/usr/lib/gcc/avr/4.9.2/collect2] ==> ignore
    arg [-plugin] ==> ignore
    arg [/usr/lib/gcc/avr/4.9.2/liblto_plugin.so] ==> ignore
    arg [-plugin-opt=/usr/lib/gcc/avr/4.9.2/lto-wrapper] ==> ignore
    arg [-plugin-opt=-fresolution=/tmp/cckJu3Gv.res] ==> ignore
    arg [-plugin-opt=-pass-through=-lgcc] ==> ignore
    arg [-plugin-opt=-pass-through=-lm] ==> ignore
    arg [-plugin-opt=-pass-through=-lc] ==> ignore
    arg [-o] ==> ignore
    arg [cmTC_9d3c8] ==> ignore
    arg [-L/usr/lib/gcc/avr/4.9.2] ==> dir [/usr/lib/gcc/avr/4.9.2]
    arg [-L/usr/lib/gcc/avr/4.9.2/../../../avr/lib] ==> dir [/usr/lib/gcc/avr/4.9.2/../../../avr/lib]
    arg [--gc-sections] ==> ignore
    arg [CMakeFiles/cmTC_9d3c8.dir/CMakeCXXCompilerABI.cpp.obj] ==> ignore
    arg [-lgcc] ==> lib [gcc]
    arg [-lm] ==> lib [m]
    arg [--start-group] ==> ignore
    arg [-lgcc] ==> lib [gcc]
    arg [-lm] ==> lib [m]
    arg [-lc] ==> lib [c]
    arg [--end-group] ==> ignore
  remove lib [gcc]
  remove lib [gcc]
  collapse library dir [/usr/lib/gcc/avr/4.9.2] ==> [/usr/lib/gcc/avr/4.9.2]
  collapse library dir [/usr/lib/gcc/avr/4.9.2/../../../avr/lib] ==> [/usr/lib/avr/lib]
  implicit libs: [m;m;c]
  implicit dirs: [/usr/lib/gcc/avr/4.9.2;/usr/lib/avr/lib]
  implicit fwks: []




Detecting CXX [-std=c++14] compiler features compiled with the following output:
Change Dir: /home/ziv/Code/arduino/arduino-cmake/cmake-build-arduino/CMakeFiles/CMakeTmp

Run Build Command:"/usr/bin/make" "cmTC_8a771/fast"
/usr/bin/make -f CMakeFiles/cmTC_8a771.dir/build.make CMakeFiles/cmTC_8a771.dir/build
make[1]: Entering directory '/home/ziv/Code/arduino/arduino-cmake/cmake-build-arduino/CMakeFiles/CMakeTmp'
Building CXX object CMakeFiles/cmTC_8a771.dir/feature_tests.cxx.obj
/usr/bin/avr-g++     -g -Os       -mcall-prologues -ffunction-sections -fdata-sections -fno-exceptions    -std=c++14 -o CMakeFiles/cmTC_8a771.dir/feature_tests.cxx.obj -c /home/ziv/Code/arduino/arduino-cmake/cmake-build-arduino/CMakeFiles/feature_tests.cxx
Linking CXX executable cmTC_8a771
/opt/clion-2016.3.2/bin/cmake/bin/cmake -E cmake_link_script CMakeFiles/cmTC_8a771.dir/link.txt --verbose=1
/usr/bin/avr-g++   -g -Os       -mcall-prologues -ffunction-sections -fdata-sections -fno-exceptions   -Wl,--gc-sections -lm  CMakeFiles/cmTC_8a771.dir/feature_tests.cxx.obj  -o cmTC_8a771  
make[1]: Leaving directory '/home/ziv/Code/arduino/arduino-cmake/cmake-build-arduino/CMakeFiles/CMakeTmp'




Detecting CXX [-std=c++11] compiler features compiled with the following output:
Change Dir: /home/ziv/Code/arduino/arduino-cmake/cmake-build-arduino/CMakeFiles/CMakeTmp

Run Build Command:"/usr/bin/make" "cmTC_d1cb9/fast"
/usr/bin/make -f CMakeFiles/cmTC_d1cb9.dir/build.make CMakeFiles/cmTC_d1cb9.dir/build
make[1]: Entering directory '/home/ziv/Code/arduino/arduino-cmake/cmake-build-arduino/CMakeFiles/CMakeTmp'
Building CXX object CMakeFiles/cmTC_d1cb9.dir/feature_tests.cxx.obj
/usr/bin/avr-g++     -g -Os       -mcall-prologues -ffunction-sections -fdata-sections -fno-exceptions    -std=c++11 -o CMakeFiles/cmTC_d1cb9.dir/feature_tests.cxx.obj -c /home/ziv/Code/arduino/arduino-cmake/cmake-build-arduino/CMakeFiles/feature_tests.cxx
Linking CXX executable cmTC_d1cb9
/opt/clion-2016.3.2/bin/cmake/bin/cmake -E cmake_link_script CMakeFiles/cmTC_d1cb9.dir/link.txt --verbose=1
/usr/bin/avr-g++   -g -Os       -mcall-prologues -ffunction-sections -fdata-sections -fno-exceptions   -Wl,--gc-sections -lm  CMakeFiles/cmTC_d1cb9.dir/feature_tests.cxx.obj  -o cmTC_d1cb9  
make[1]: Leaving directory '/home/ziv/Code/arduino/arduino-cmake/cmake-build-arduino/CMakeFiles/CMakeTmp'




Detecting CXX [-std=c++98] compiler features compiled with the following output:
Change Dir: /home/ziv/Code/arduino/arduino-cmake/cmake-build-arduino/CMakeFiles/CMakeTmp

Run Build Command:"/usr/bin/make" "cmTC_25a01/fast"
/usr/bin/make -f CMakeFiles/cmTC_25a01.dir/build.make CMakeFiles/cmTC_25a01.dir/build
make[1]: Entering directory '/home/ziv/Code/arduino/arduino-cmake/cmake-build-arduino/CMakeFiles/CMakeTmp'
Building CXX object CMakeFiles/cmTC_25a01.dir/feature_tests.cxx.obj
/usr/bin/avr-g++     -g -Os       -mcall-prologues -ffunction-sections -fdata-sections -fno-exceptions    -std=c++98 -o CMakeFiles/cmTC_25a01.dir/feature_tests.cxx.obj -c /home/ziv/Code/arduino/arduino-cmake/cmake-build-arduino/CMakeFiles/feature_tests.cxx
Linking CXX executable cmTC_25a01
/opt/clion-2016.3.2/bin/cmake/bin/cmake -E cmake_link_script CMakeFiles/cmTC_25a01.dir/link.txt --verbose=1
/usr/bin/avr-g++   -g -Os       -mcall-prologues -ffunction-sections -fdata-sections -fno-exceptions   -Wl,--gc-sections -lm  CMakeFiles/cmTC_25a01.dir/feature_tests.cxx.obj  -o cmTC_25a01  
make[1]: Leaving directory '/home/ziv/Code/arduino/arduino-cmake/cmake-build-arduino/CMakeFiles/CMakeTmp'


Determining if the C compiler works passed with the following output:
Change Dir: /home/ziv/Code/arduino/arduino-cmake/cmake-build-arduino/CMakeFiles/CMakeTmp

Run Build Command:"/usr/bin/make" "cmTC_635c0/fast"
/usr/bin/make -f CMakeFiles/cmTC_635c0.dir/build.make CMakeFiles/cmTC_635c0.dir/build
make[1]: Entering directory '/home/ziv/Code/arduino/arduino-cmake/cmake-build-arduino/CMakeFiles/CMakeTmp'
Building C object CMakeFiles/cmTC_635c0.dir/testCCompiler.c.obj
/usr/bin/avr-gcc    -g -Os       -mcall-prologues -ffunction-sections -fdata-sections    -o CMakeFiles/cmTC_635c0.dir/testCCompiler.c.obj   -c /home/ziv/Code/arduino/arduino-cmake/cmake-build-arduino/CMakeFiles/CMakeTmp/testCCompiler.c
Linking C executable cmTC_635c0
/opt/clion-2016.3.2/bin/cmake/bin/cmake -E cmake_link_script CMakeFiles/cmTC_635c0.dir/link.txt --verbose=1
/usr/bin/avr-gcc  -g -Os       -mcall-prologues -ffunction-sections -fdata-sections   -Wl,--gc-sections -lm  CMakeFiles/cmTC_635c0.dir/testCCompiler.c.obj  -o cmTC_635c0  
make[1]: Leaving directory '/home/ziv/Code/arduino/arduino-cmake/cmake-build-arduino/CMakeFiles/CMakeTmp'


Detecting C compiler ABI info compiled with the following output:
Change Dir: /home/ziv/Code/arduino/arduino-cmake/cmake-build-arduino/CMakeFiles/CMakeTmp

Run Build Command:"/usr/bin/make" "cmTC_5f04d/fast"
/usr/bin/make -f CMakeFiles/cmTC_5f04d.dir/build.make CMakeFiles/cmTC_5f04d.dir/build
make[1]: Entering directory '/home/ziv/Code/arduino/arduino-cmake/cmake-build-arduino/CMakeFiles/CMakeTmp'
Building C object CMakeFiles/cmTC_5f04d.dir/CMakeCCompilerABI.c.obj
/usr/bin/avr-gcc    -g -Os       -mcall-prologues -ffunction-sections -fdata-sections    -o CMakeFiles/cmTC_5f04d.dir/CMakeCCompilerABI.c.obj   -c /opt/clion-2016.3.2/bin/cmake/share/cmake-3.6/Modules/CMakeCCompilerABI.c
Linking C executable cmTC_5f04d
/opt/clion-2016.3.2/bin/cmake/bin/cmake -E cmake_link_script CMakeFiles/cmTC_5f04d.dir/link.txt --verbose=1
/usr/bin/avr-gcc  -g -Os       -mcall-prologues -ffunction-sections -fdata-sections   -Wl,--gc-sections -lm -v CMakeFiles/cmTC_5f04d.dir/CMakeCCompilerABI.c.obj  -o cmTC_5f04d   
Using built-in specs.
Reading specs from /usr/lib/gcc/avr/4.9.2/device-specs/specs-avr2
COLLECT_GCC=/usr/bin/avr-gcc
COLLECT_LTO_WRAPPER=/usr/lib/gcc/avr/4.9.2/lto-wrapper
Target: avr
Configured with: ../src/configure -v --enable-languages=c,c++ --prefix=/usr/lib --infodir=/usr/share/info --mandir=/usr/share/man --bindir=/usr/bin --libexecdir=/usr/lib --libdir=/usr/lib --enable-shared --with-system-zlib --enable-long-long --enable-nls --without-included-gettext --disable-libssp --build=x86_64-linux-gnu --host=x86_64-linux-gnu --target=avr CFLAGS='-g -O2 -fstack-protector-strong -Wformat ' CPPFLAGS=-D_FORTIFY_SOURCE=2 CXXFLAGS='-g -O2 -fstack-protector-strong -Wformat ' FCFLAGS='-g -O2 -fstack-protector-strong' FFLAGS='-g -O2 -fstack-protector-strong' GCJFLAGS='-g -O2 -fstack-protector-strong' LDFLAGS='-Wl,-Bsymbolic-functions -Wl,-z,relro' OBJCFLAGS='-g -O2 -fstack-protector-strong -Wformat ' OBJCXXFLAGS='-g -O2 -fstack-protector-strong -Wformat '
Thread model: single
gcc version 4.9.2 (GCC) 
COMPILER_PATH=/usr/lib/gcc/avr/4.9.2/:/usr/lib/gcc/avr/4.9.2/:/usr/lib/gcc/avr/:/usr/lib/gcc/avr/4.9.2/:/usr/lib/gcc/avr/:/usr/lib/gcc/avr/4.9.2/../../../avr/bin/
LIBRARY_PATH=/usr/lib/gcc/avr/4.9.2/:/usr/lib/gcc/avr/4.9.2/../../../avr/lib/
COLLECT_GCC_OPTIONS='-g' '-Os' '-mcall-prologues' '-ffunction-sections' '-fdata-sections' '-v' '-o' 'cmTC_5f04d' '-specs=device-specs/specs-avr2'
 /usr/lib/gcc/avr/4.9.2/collect2 -plugin /usr/lib/gcc/avr/4.9.2/liblto_plugin.so -plugin-opt=/usr/lib/gcc/avr/4.9.2/lto-wrapper -plugin-opt=-fresolution=/tmp/ccj89w5e.res -plugin-opt=-pass-through=-lgcc -plugin-opt=-pass-through=-lm -plugin-opt=-pass-through=-lc -o cmTC_5f04d -L/usr/lib/gcc/avr/4.9.2 -L/usr/lib/gcc/avr/4.9.2/../../../avr/lib --gc-sections -lm CMakeFiles/cmTC_5f04d.dir/CMakeCCompilerABI.c.obj --start-group -lgcc -lm -lc --end-group
make[1]: Leaving directory '/home/ziv/Code/arduino/arduino-cmake/cmake-build-arduino/CMakeFiles/CMakeTmp'


Parsed C implicit link information from above output:
  link line regex: [^( *|.*[/\])(avr-ld|([^/\]+-)?ld|collect2)[^/\]*( |$)]
  ignore line: [Change Dir: /home/ziv/Code/arduino/arduino-cmake/cmake-build-arduino/CMakeFiles/CMakeTmp]
  ignore line: []
  ignore line: [Run Build Command:"/usr/bin/make" "cmTC_5f04d/fast"]
  ignore line: [/usr/bin/make -f CMakeFiles/cmTC_5f04d.dir/build.make CMakeFiles/cmTC_5f04d.dir/build]
  ignore line: [make[1]: Entering directory '/home/ziv/Code/arduino/arduino-cmake/cmake-build-arduino/CMakeFiles/CMakeTmp']
  ignore line: [Building C object CMakeFiles/cmTC_5f04d.dir/CMakeCCompilerABI.c.obj]
  ignore line: [/usr/bin/avr-gcc    -g -Os       -mcall-prologues -ffunction-sections -fdata-sections    -o CMakeFiles/cmTC_5f04d.dir/CMakeCCompilerABI.c.obj   -c /opt/clion-2016.3.2/bin/cmake/share/cmake-3.6/Modules/CMakeCCompilerABI.c]
  ignore line: [Linking C executable cmTC_5f04d]
  ignore line: [/opt/clion-2016.3.2/bin/cmake/bin/cmake -E cmake_link_script CMakeFiles/cmTC_5f04d.dir/link.txt --verbose=1]
  ignore line: [/usr/bin/avr-gcc  -g -Os       -mcall-prologues -ffunction-sections -fdata-sections   -Wl,--gc-sections -lm -v CMakeFiles/cmTC_5f04d.dir/CMakeCCompilerABI.c.obj  -o cmTC_5f04d   ]
  ignore line: [Using built-in specs.]
  ignore line: [Reading specs from /usr/lib/gcc/avr/4.9.2/device-specs/specs-avr2]
  ignore line: [COLLECT_GCC=/usr/bin/avr-gcc]
  ignore line: [COLLECT_LTO_WRAPPER=/usr/lib/gcc/avr/4.9.2/lto-wrapper]
  ignore line: [Target: avr]
  ignore line: [Configured with: ../src/configure -v --enable-languages=c,c++ --prefix=/usr/lib --infodir=/usr/share/info --mandir=/usr/share/man --bindir=/usr/bin --libexecdir=/usr/lib --libdir=/usr/lib --enable-shared --with-system-zlib --enable-long-long --enable-nls --without-included-gettext --disable-libssp --build=x86_64-linux-gnu --host=x86_64-linux-gnu --target=avr CFLAGS='-g -O2 -fstack-protector-strong -Wformat ' CPPFLAGS=-D_FORTIFY_SOURCE=2 CXXFLAGS='-g -O2 -fstack-protector-strong -Wformat ' FCFLAGS='-g -O2 -fstack-protector-strong' FFLAGS='-g -O2 -fstack-protector-strong' GCJFLAGS='-g -O2 -fstack-protector-strong' LDFLAGS='-Wl,-Bsymbolic-functions -Wl,-z,relro' OBJCFLAGS='-g -O2 -fstack-protector-strong -Wformat ' OBJCXXFLAGS='-g -O2 -fstack-protector-strong -Wformat ']
  ignore line: [Thread model: single]
  ignore line: [gcc version 4.9.2 (GCC) ]
  ignore line: [COMPILER_PATH=/usr/lib/gcc/avr/4.9.2/:/usr/lib/gcc/avr/4.9.2/:/usr/lib/gcc/avr/:/usr/lib/gcc/avr/4.9.2/:/usr/lib/gcc/avr/:/usr/lib/gcc/avr/4.9.2/../../../avr/bin/]
  ignore line: [LIBRARY_PATH=/usr/lib/gcc/avr/4.9.2/:/usr/lib/gcc/avr/4.9.2/../../../avr/lib/]
  ignore line: [COLLECT_GCC_OPTIONS='-g' '-Os' '-mcall-prologues' '-ffunction-sections' '-fdata-sections' '-v' '-o' 'cmTC_5f04d' '-specs=device-specs/specs-avr2']
  link line: [ /usr/lib/gcc/avr/4.9.2/collect2 -plugin /usr/lib/gcc/avr/4.9.2/liblto_plugin.so -plugin-opt=/usr/lib/gcc/avr/4.9.2/lto-wrapper -plugin-opt=-fresolution=/tmp/ccj89w5e.res -plugin-opt=-pass-through=-lgcc -plugin-opt=-pass-through=-lm -plugin-opt=-pass-through=-lc -o cmTC_5f04d -L/usr/lib/gcc/avr/4.9.2 -L/usr/lib/gcc/avr/4.9.2/../../../avr/lib --gc-sections -lm CMakeFiles/cmTC_5f04d.dir/CMakeCCompilerABI.c.obj --start-group -lgcc -lm -lc --end-group]
    arg [/usr/lib/gcc/avr/4.9.2/collect2] ==> ignore
    arg [-plugin] ==> ignore
    arg [/usr/lib/gcc/avr/4.9.2/liblto_plugin.so] ==> ignore
    arg [-plugin-opt=/usr/lib/gcc/avr/4.9.2/lto-wrapper] ==> ignore
    arg [-plugin-opt=-fresolution=/tmp/ccj89w5e.res] ==> ignore
    arg [-plugin-opt=-pass-through=-lgcc] ==> ignore
    arg [-plugin-opt=-pass-through=-lm] ==> ignore
    arg [-plugin-opt=-pass-through=-lc] ==> ignore
    arg [-o] ==> ignore
    arg [cmTC_5f04d] ==> ignore
    arg [-L/usr/lib/gcc/avr/4.9.2] ==> dir [/usr/lib/gcc/avr/4.9.2]
    arg [-L/usr/lib/gcc/avr/4.9.2/../../../avr/lib] ==> dir [/usr/lib/gcc/avr/4.9.2/../../../avr/lib]
    arg [--gc-sections] ==> ignore
    arg [-lm] ==> lib [m]
    arg [CMakeFiles/cmTC_5f04d.dir/CMakeCCompilerABI.c.obj] ==> ignore
    arg [--start-group] ==> ignore
    arg [-lgcc] ==> lib [gcc]
    arg [-lm] ==> lib [m]
    arg [-lc] ==> lib [c]
    arg [--end-group] ==> ignore
  remove lib [gcc]
  collapse library dir [/usr/lib/gcc/avr/4.9.2] ==> [/usr/lib/gcc/avr/4.9.2]
  collapse library dir [/usr/lib/gcc/avr/4.9.2/../../../avr/lib] ==> [/usr/lib/avr/lib]
  implicit libs: [m;m;c]
  implicit dirs: [/usr/lib/gcc/avr/4.9.2;/usr/lib/avr/lib]
  implicit fwks: []




Detecting C [-std=c11] compiler features compiled with the following output:
Change Dir: /home/ziv/Code/arduino/arduino-cmake/cmake-build-arduino/CMakeFiles/CMakeTmp

Run Build Command:"/usr/bin/make" "cmTC_a55ef/fast"
/usr/bin/make -f CMakeFiles/cmTC_a55ef.dir/build.make CMakeFiles/cmTC_a55ef.dir/build
make[1]: Entering directory '/home/ziv/Code/arduino/arduino-cmake/cmake-build-arduino/CMakeFiles/CMakeTmp'
Building C object CMakeFiles/cmTC_a55ef.dir/feature_tests.c.obj
/usr/bin/avr-gcc    -g -Os       -mcall-prologues -ffunction-sections -fdata-sections    -std=c11 -o CMakeFiles/cmTC_a55ef.dir/feature_tests.c.obj   -c /home/ziv/Code/arduino/arduino-cmake/cmake-build-arduino/CMakeFiles/feature_tests.c
Linking C executable cmTC_a55ef
/opt/clion-2016.3.2/bin/cmake/bin/cmake -E cmake_link_script CMakeFiles/cmTC_a55ef.dir/link.txt --verbose=1
/usr/bin/avr-gcc  -g -Os       -mcall-prologues -ffunction-sections -fdata-sections   -Wl,--gc-sections -lm  CMakeFiles/cmTC_a55ef.dir/feature_tests.c.obj  -o cmTC_a55ef  
make[1]: Leaving directory '/home/ziv/Code/arduino/arduino-cmake/cmake-build-arduino/CMakeFiles/CMakeTmp'




Detecting C [-std=c99] compiler features compiled with the following output:
Change Dir: /home/ziv/Code/arduino/arduino-cmake/cmake-build-arduino/CMakeFiles/CMakeTmp

Run Build Command:"/usr/bin/make" "cmTC_868ec/fast"
/usr/bin/make -f CMakeFiles/cmTC_868ec.dir/build.make CMakeFiles/cmTC_868ec.dir/build
make[1]: Entering directory '/home/ziv/Code/arduino/arduino-cmake/cmake-build-arduino/CMakeFiles/CMakeTmp'
Building C object CMakeFiles/cmTC_868ec.dir/feature_tests.c.obj
/usr/bin/avr-gcc    -g -Os       -mcall-prologues -ffunction-sections -fdata-sections    -std=c99 -o CMakeFiles/cmTC_868ec.dir/feature_tests.c.obj   -c /home/ziv/Code/arduino/arduino-cmake/cmake-build-arduino/CMakeFiles/feature_tests.c
Linking C executable cmTC_868ec
/opt/clion-2016.3.2/bin/cmake/bin/cmake -E cmake_link_script CMakeFiles/cmTC_868ec.dir/link.txt --verbose=1
/usr/bin/avr-gcc  -g -Os       -mcall-prologues -ffunction-sections -fdata-sections   -Wl,--gc-sections -lm  CMakeFiles/cmTC_868ec.dir/feature_tests.c.obj  -o cmTC_868ec  
make[1]: Leaving directory '/home/ziv/Code/arduino/arduino-cmake/cmake-build-arduino/CMakeFiles/CMakeTmp'




Detecting C [-std=c90] compiler features compiled with the following output:
Change Dir: /home/ziv/Code/arduino/arduino-cmake/cmake-build-arduino/CMakeFiles/CMakeTmp

Run Build Command:"/usr/bin/make" "cmTC_ca256/fast"
/usr/bin/make -f CMakeFiles/cmTC_ca256.dir/build.make CMakeFiles/cmTC_ca256.dir/build
make[1]: Entering directory '/home/ziv/Code/arduino/arduino-cmake/cmake-build-arduino/CMakeFiles/CMakeTmp'
Building C object CMakeFiles/cmTC_ca256.dir/feature_tests.c.obj
/usr/bin/avr-gcc    -g -Os       -mcall-prologues -ffunction-sections -fdata-sections    -std=c90 -o CMakeFiles/cmTC_ca256.dir/feature_tests.c.obj   -c /home/ziv/Code/arduino/arduino-cmake/cmake-build-arduino/CMakeFiles/feature_tests.c
Linking C executable cmTC_ca256
/opt/clion-2016.3.2/bin/cmake/bin/cmake -E cmake_link_script CMakeFiles/cmTC_ca256.dir/link.txt --verbose=1
/usr/bin/avr-gcc  -g -Os       -mcall-prologues -ffunction-sections -fdata-sections   -Wl,--gc-sections -lm  CMakeFiles/cmTC_ca256.dir/feature_tests.c.obj  -o cmTC_ca256  
make[1]: Leaving directory '/home/ziv/Code/arduino/arduino-cmake/cmake-build-arduino/CMakeFiles/CMakeTmp'


